d:\мгту учеба\2 семестр\oop\l16\l16\debug\vc142.pdb
d:\мгту учеба\2 семестр\oop\l16\l16\debug\vc142.idb
d:\мгту учеба\2 семестр\oop\l16\l16\debug\symlink.nativecodeanalysis.sarif
d:\мгту учеба\2 семестр\oop\l16\l16\debug\symlink.nativecodeanalysis.xml
d:\мгту учеба\2 семестр\oop\l16\l16\debug\l16.nativecodeanalysis.sarif
d:\мгту учеба\2 семестр\oop\l16\l16\debug\l16.nativecodeanalysis.xml
d:\мгту учеба\2 семестр\oop\l16\l16\debug\duallink.nativecodeanalysis.sarif
d:\мгту учеба\2 семестр\oop\l16\l16\debug\duallink.nativecodeanalysis.xml
d:\мгту учеба\2 семестр\oop\l16\l16\debug\duallink.obj
d:\мгту учеба\2 семестр\oop\l16\l16\debug\l16.obj
d:\мгту учеба\2 семестр\oop\l16\l16\debug\symlink.obj
d:\мгту учеба\2 семестр\oop\l16\debug\l16.pdb
d:\мгту учеба\2 семестр\oop\l16\l16\debug\l16.tlog\cl.command.1.tlog
d:\мгту учеба\2 семестр\oop\l16\l16\debug\l16.tlog\cl.read.1.tlog
d:\мгту учеба\2 семестр\oop\l16\l16\debug\l16.tlog\cl.write.1.tlog
d:\мгту учеба\2 семестр\oop\l16\l16\debug\l16.tlog\link-cvtres.read.1.tlog
d:\мгту учеба\2 семестр\oop\l16\l16\debug\l16.tlog\link-cvtres.write.1.tlog
d:\мгту учеба\2 семестр\oop\l16\l16\debug\l16.tlog\link-rc.read.1.tlog
d:\мгту учеба\2 семестр\oop\l16\l16\debug\l16.tlog\link-rc.write.1.tlog
d:\мгту учеба\2 семестр\oop\l16\l16\debug\l16.tlog\link.command.1.tlog
d:\мгту учеба\2 семестр\oop\l16\l16\debug\l16.tlog\link.read.1.tlog
d:\мгту учеба\2 семестр\oop\l16\l16\debug\l16.tlog\link.write.1.tlog
